Using pre-set license
Built from '2020.3/release' branch; Version is '2020.3.2f1 (8fd9074bf66c) revision 9427207'; Using compiler version '192528614'; Build Type 'Release'
OS: 'Windows 10 Pro; OS build 19042.985; Version 2009; 64bit' Language: 'sv' Physical Memory: 16334 MB
BatchMode: 1, IsHumanControllingUs: 0, StartBugReporterOnCrash: 0, Is64bit: 1, IsPro: 0

 COMMAND LINE ARGUMENTS:
C:\Program Files\Unity\Hub\Editor\2020.3.2f1\Editor\Unity.exe
-adb2
-batchMode
-noUpm
-name
AssetImportWorker0
-projectPath
C:/Users/Nils/Documents/GitHub/DH2323-Project/Dh2323-Project-Placing-Trees
-logFile
Logs/AssetImportWorker0.log
-srvPort
61767
Successfully changed project path to: C:/Users/Nils/Documents/GitHub/DH2323-Project/Dh2323-Project-Placing-Trees
C:/Users/Nils/Documents/GitHub/DH2323-Project/Dh2323-Project-Placing-Trees
Using Asset Import Pipeline V2.
Refreshing native plugins compatible for Editor in 23.91 ms, found 0 plugins.
Preloading 0 native plugins for Editor in 0.00 ms.
Initialize engine version: 2020.3.2f1 (8fd9074bf66c)
[Subsystems] Discovering subsystems at path C:/Program Files/Unity/Hub/Editor/2020.3.2f1/Editor/Data/Resources/UnitySubsystems
[Subsystems] Discovering subsystems at path C:/Users/Nils/Documents/GitHub/DH2323-Project/Dh2323-Project-Placing-Trees/Assets
GfxDevice: creating device client; threaded=0
Direct3D:
    Version:  Direct3D 11.0 [level 11.1]
    Renderer: Radeon RX 590 Series (ID=0x67df)
    Vendor:   
    VRAM:     8171 MB
    Driver:   27.20.21002.112
Initialize mono
Mono path[0] = 'C:/Program Files/Unity/Hub/Editor/2020.3.2f1/Editor/Data/Managed'
Mono path[1] = 'C:/Program Files/Unity/Hub/Editor/2020.3.2f1/Editor/Data/MonoBleedingEdge/lib/mono/unityjit'
Mono config path = 'C:/Program Files/Unity/Hub/Editor/2020.3.2f1/Editor/Data/MonoBleedingEdge/etc'
Using monoOptions --debugger-agent=transport=dt_socket,embedding=1,server=y,suspend=n,address=127.0.0.1:56168
Begin MonoManager ReloadAssembly
Registering precompiled unity dll's ...
Register platform support module: C:/Program Files/Unity/Hub/Editor/2020.3.2f1/Editor/Data/PlaybackEngines/WebGLSupport/UnityEditor.WebGL.Extensions.dll
Register platform support module: C:/Program Files/Unity/Hub/Editor/2020.3.2f1/Editor/Data/PlaybackEngines/WindowsStandaloneSupport/UnityEditor.WindowsStandalone.Extensions.dll
Registered in 0.002308 seconds.
Native extension for WindowsStandalone target not found
Native extension for WebGL target not found
Refreshing native plugins compatible for Editor in 25.79 ms, found 0 plugins.
Preloading 0 native plugins for Editor in 0.00 ms.
Invoked RoslynAnalysisRunner static constructor.
RoslynAnalysisRunner will not be running.
RoslynAnalysisRunner has terminated.
Mono: successfully reloaded assembly
- Completed reload, in  1.164 seconds
Platform modules already initialized, skipping
Registering precompiled user dll's ...
Registered in 0.000631 seconds.
Begin MonoManager ReloadAssembly
Native extension for WindowsStandalone target not found
Native extension for WebGL target not found
Refreshing native plugins compatible for Editor in 0.23 ms, found 0 plugins.
Preloading 0 native plugins for Editor in 0.00 ms.
Invoked RoslynAnalysisRunner static constructor.
RoslynAnalysisRunner will not be running.
RoslynAnalysisRunner has terminated.
Mono: successfully reloaded assembly
- Completed reload, in  0.783 seconds
Platform modules already initialized, skipping
========================================================================
Worker process is ready to serve import requests
Launched and connected shader compiler UnityShaderCompiler.exe after 0.04 seconds
Refreshing native plugins compatible for Editor in 0.23 ms, found 0 plugins.
Preloading 0 native plugins for Editor in 0.00 ms.
Unloading 1166 Unused Serialized files (Serialized files now loaded: 0)
System memory in use before: 60.7 MB.
System memory in use after: 60.8 MB.

Unloading 10 unused Assets to reduce memory usage. Loaded Objects now: 1608.
Total: 1.678000 ms (FindLiveObjects: 0.157200 ms CreateObjectMapping: 0.037800 ms MarkObjects: 1.403500 ms  DeleteObjects: 0.078800 ms)

========================================================================
Received Import Request.
  path: Assets/Materials/MapMaterial.mat
  artifactKey: Guid(ee29a68574eb8ae4fb300abe06d52d62) Importer(815301076,1909f56bfc062723c751e8b465ee728b)
Start importing Assets/Materials/MapMaterial.mat using Guid(ee29a68574eb8ae4fb300abe06d52d62) Importer(815301076,1909f56bfc062723c751e8b465ee728b)  -> (artifact id: '366e14feb035438c58124b9a776a1ecf') in 0.090063 seconds
  Import took 0.092020 seconds .

========================================================================
Received Import Request.
  Time since last request: 196.579870 seconds.
  path: Assets/Scripts/MapGenerator.cs
  artifactKey: Guid(0c746907dca582e4d8377eb10030e896) Importer(815301076,1909f56bfc062723c751e8b465ee728b)
Start importing Assets/Scripts/MapGenerator.cs using Guid(0c746907dca582e4d8377eb10030e896) Importer(815301076,1909f56bfc062723c751e8b465ee728b)  -> (artifact id: 'e1e71da35e8aa5eaf3caa88a83791718') in 0.006742 seconds
  Import took 0.008777 seconds .

========================================================================
Received Import Request.
  Time since last request: 0.000869 seconds.
  path: Assets/Scripts/MapGenerator.cs
  artifactKey: Guid(0c746907dca582e4d8377eb10030e896) Importer(815301076,1909f56bfc062723c751e8b465ee728b)
Start importing Assets/Scripts/MapGenerator.cs using Guid(0c746907dca582e4d8377eb10030e896) Importer(815301076,1909f56bfc062723c751e8b465ee728b)  -> (artifact id: 'e1e71da35e8aa5eaf3caa88a83791718') in 0.002008 seconds
  Import took 0.004104 seconds .

========================================================================
Received Import Request.
  Time since last request: 152.334901 seconds.
  path: Assets/Scenes/MainSceen-Testing Ground.unity
  artifactKey: Guid(9fc0d4010bbf28b4594072e72b8655ab) Importer(815301076,1909f56bfc062723c751e8b465ee728b)
Start importing Assets/Scenes/MainSceen-Testing Ground.unity using Guid(9fc0d4010bbf28b4594072e72b8655ab) Importer(815301076,1909f56bfc062723c751e8b465ee728b)  -> (artifact id: 'acb3e7ba2eaadd0335f3afb1495e538f') in 0.007450 seconds
  Import took 0.009485 seconds .

========================================================================
Received Prepare
Registering precompiled user dll's ...
Registered in 0.000711 seconds.
Begin MonoManager ReloadAssembly
Native extension for WindowsStandalone target not found
Native extension for WebGL target not found
Refreshing native plugins compatible for Editor in 0.23 ms, found 0 plugins.
Preloading 0 native plugins for Editor in 0.00 ms.
Invoked RoslynAnalysisRunner static constructor.
RoslynAnalysisRunner will not be running.
RoslynAnalysisRunner has terminated.
Mono: successfully reloaded assembly
- Completed reload, in  0.713 seconds
Platform modules already initialized, skipping
Refreshing native plugins compatible for Editor in 0.23 ms, found 0 plugins.
Preloading 0 native plugins for Editor in 0.00 ms.
Unloading 1148 Unused Serialized files (Serialized files now loaded: 0)
System memory in use before: 62.7 MB.
System memory in use after: 62.8 MB.

Unloading 5 unused Assets to reduce memory usage. Loaded Objects now: 1651.
Total: 1.490400 ms (FindLiveObjects: 0.124700 ms CreateObjectMapping: 0.029400 ms MarkObjects: 1.290900 ms  DeleteObjects: 0.044600 ms)

========================================================================
Received Prepare
Registering precompiled user dll's ...
Registered in 0.000600 seconds.
Begin MonoManager ReloadAssembly
Native extension for WindowsStandalone target not found
Native extension for WebGL target not found
Refreshing native plugins compatible for Editor in 0.25 ms, found 0 plugins.
Preloading 0 native plugins for Editor in 0.00 ms.
Invoked RoslynAnalysisRunner static constructor.
RoslynAnalysisRunner will not be running.
RoslynAnalysisRunner has terminated.
Mono: successfully reloaded assembly
- Completed reload, in  0.743 seconds
Platform modules already initialized, skipping
Refreshing native plugins compatible for Editor in 0.24 ms, found 0 plugins.
Preloading 0 native plugins for Editor in 0.00 ms.
Unloading 1148 Unused Serialized files (Serialized files now loaded: 0)
System memory in use before: 62.7 MB.
System memory in use after: 62.8 MB.

Unloading 5 unused Assets to reduce memory usage. Loaded Objects now: 1654.
Total: 1.602100 ms (FindLiveObjects: 0.180700 ms CreateObjectMapping: 0.030700 ms MarkObjects: 1.341600 ms  DeleteObjects: 0.048000 ms)

========================================================================
Received Prepare
Registering precompiled user dll's ...
Registered in 0.000626 seconds.
Begin MonoManager ReloadAssembly
Native extension for WindowsStandalone target not found
Native extension for WebGL target not found
Refreshing native plugins compatible for Editor in 0.24 ms, found 0 plugins.
Preloading 0 native plugins for Editor in 0.00 ms.
Invoked RoslynAnalysisRunner static constructor.
RoslynAnalysisRunner will not be running.
RoslynAnalysisRunner has terminated.
Mono: successfully reloaded assembly
- Completed reload, in  0.727 seconds
Platform modules already initialized, skipping
Refreshing native plugins compatible for Editor in 0.23 ms, found 0 plugins.
Preloading 0 native plugins for Editor in 0.00 ms.
Unloading 1148 Unused Serialized files (Serialized files now loaded: 0)
System memory in use before: 62.7 MB.
System memory in use after: 62.8 MB.

Unloading 5 unused Assets to reduce memory usage. Loaded Objects now: 1657.
Total: 1.490500 ms (FindLiveObjects: 0.126700 ms CreateObjectMapping: 0.030100 ms MarkObjects: 1.283400 ms  DeleteObjects: 0.049000 ms)

